c:\users\manoong\desktop\tt\teamproject\팀프프레임워크\release\nonawindowsapi.pch
c:\users\manoong\desktop\tt\teamproject\팀프프레임워크\release\vc141.pdb
c:\users\manoong\desktop\tt\teamproject\팀프프레임워크\release\stdafx.obj
c:\users\manoong\desktop\tt\teamproject\팀프프레임워크\release\enemymanager.obj
c:\users\manoong\desktop\tt\teamproject\팀프프레임워크\release\enemy.obj
c:\users\manoong\desktop\tt\teamproject\팀프프레임워크\release\effectmanager.obj
c:\users\manoong\desktop\tt\teamproject\팀프프레임워크\release\effect.obj
c:\users\manoong\desktop\tt\teamproject\팀프프레임워크\release\editscene.obj
c:\users\manoong\desktop\tt\teamproject\팀프프레임워크\release\clearscene.obj
c:\users\manoong\desktop\tt\teamproject\팀프프레임워크\release\cameramanager.obj
c:\users\manoong\desktop\tt\teamproject\팀프프레임워크\release\button.obj
c:\users\manoong\desktop\tt\teamproject\팀프프레임워크\release\bulletmanager.obj
c:\users\manoong\desktop\tt\teamproject\팀프프레임워크\release\bug.obj
c:\users\manoong\desktop\tt\teamproject\팀프프레임워크\release\bosspixelcol.obj
c:\users\manoong\desktop\tt\teamproject\팀프프레임워크\release\bossmotion.obj
c:\users\manoong\desktop\tt\teamproject\팀프프레임워크\release\bossimage.obj
c:\users\manoong\desktop\tt\teamproject\팀프프레임워크\release\boss.obj
c:\users\manoong\desktop\tt\teamproject\팀프프레임워크\release\boomerang.obj
c:\users\manoong\desktop\tt\teamproject\팀프프레임워크\release\bomberman.obj
c:\users\manoong\desktop\tt\teamproject\팀프프레임워크\release\bomb.obj
c:\users\manoong\desktop\tt\teamproject\팀프프레임워크\release\baby.obj
c:\users\manoong\desktop\tt\teamproject\팀프프레임워크\release\animation.obj
c:\users\manoong\desktop\tt\teamproject\팀프프레임워크\release\action.obj
c:\users\manoong\desktop\tt\teamproject\팀프프레임워크\release\skill.obj
c:\users\manoong\desktop\tt\teamproject\팀프프레임워크\release\scenemanager.obj
c:\users\manoong\desktop\tt\teamproject\팀프프레임워크\release\progressbar.obj
c:\users\manoong\desktop\tt\teamproject\팀프프레임워크\release\playground.obj
c:\users\manoong\desktop\tt\teamproject\팀프프레임워크\release\playerui.obj
c:\users\manoong\desktop\tt\teamproject\팀프프레임워크\release\player.obj
c:\users\manoong\desktop\tt\teamproject\팀프프레임워크\release\pixelcol.obj
c:\users\manoong\desktop\tt\teamproject\팀프프레임워크\release\obstaclemanager.obj
c:\users\manoong\desktop\tt\teamproject\팀프프레임워크\release\obstacle.obj
c:\users\manoong\desktop\tt\teamproject\팀프프레임워크\release\keymanager.obj
c:\users\manoong\desktop\tt\teamproject\팀프프레임워크\release\keyanimanager.obj
c:\users\manoong\desktop\tt\teamproject\팀프프레임워크\release\itemmanager.obj
c:\users\manoong\desktop\tt\teamproject\팀프프레임워크\release\item.obj
c:\users\manoong\desktop\tt\teamproject\팀프프레임워크\release\iron.obj
c:\users\manoong\desktop\tt\teamproject\팀프프레임워크\release\inidatamanager.obj
c:\users\manoong\desktop\tt\teamproject\팀프프레임워크\release\imagemanager.obj
c:\users\manoong\desktop\tt\teamproject\팀프프레임워크\release\image.obj
c:\users\manoong\desktop\tt\teamproject\팀프프레임워크\release\gamescene.obj
c:\users\manoong\desktop\tt\teamproject\팀프프레임워크\release\gameoverscene.obj
c:\users\manoong\desktop\tt\teamproject\팀프프레임워크\release\gamenode.obj
c:\users\manoong\desktop\tt\teamproject\팀프프레임워크\release\wood.obj
c:\users\manoong\desktop\tt\teamproject\팀프프레임워크\release\winmain.obj
c:\users\manoong\desktop\tt\teamproject\팀프프레임워크\release\utils.obj
c:\users\manoong\desktop\tt\teamproject\팀프프레임워크\release\txtdata.obj
c:\users\manoong\desktop\tt\teamproject\팀프프레임워크\release\timer.obj
c:\users\manoong\desktop\tt\teamproject\팀프프레임워크\release\timemanager.obj
c:\users\manoong\desktop\tt\teamproject\팀프프레임워크\release\store.obj
c:\users\manoong\desktop\tt\teamproject\팀프프레임워크\release\startscene.obj
c:\users\manoong\desktop\tt\teamproject\팀프프레임워크\release\soundmanager.obj
c:\users\manoong\desktop\tt\teamproject\팀프프레임워크\release\nonawindowsapi.exe
c:\users\manoong\desktop\tt\teamproject\팀프프레임워크\release\nonawindowsapi.pdb
c:\users\manoong\desktop\tt\teamproject\팀프프레임워크\release\nonawindowsapi.ipdb
c:\users\manoong\desktop\tt\teamproject\팀프프레임워크\release\nonawindowsapi.iobj
c:\users\manoong\desktop\tt\teamproject\팀프프레임워크\release\nonawindowsapi.res
c:\users\manoong\desktop\tt\teamproject\팀프프레임워크\release\nonawindowsapi.tlog\cl.command.1.tlog
c:\users\manoong\desktop\tt\teamproject\팀프프레임워크\release\nonawindowsapi.tlog\cl.read.1.tlog
c:\users\manoong\desktop\tt\teamproject\팀프프레임워크\release\nonawindowsapi.tlog\cl.write.1.tlog
c:\users\manoong\desktop\tt\teamproject\팀프프레임워크\release\nonawindowsapi.tlog\link.command.1.tlog
c:\users\manoong\desktop\tt\teamproject\팀프프레임워크\release\nonawindowsapi.tlog\link.read.1.tlog
c:\users\manoong\desktop\tt\teamproject\팀프프레임워크\release\nonawindowsapi.tlog\link.write.1.tlog
c:\users\manoong\desktop\tt\teamproject\팀프프레임워크\release\nonawindowsapi.tlog\nonawindowsapi.write.1u.tlog
c:\users\manoong\desktop\tt\teamproject\팀프프레임워크\release\nonawindowsapi.tlog\rc.command.1.tlog
c:\users\manoong\desktop\tt\teamproject\팀프프레임워크\release\nonawindowsapi.tlog\rc.read.1.tlog
c:\users\manoong\desktop\tt\teamproject\팀프프레임워크\release\nonawindowsapi.tlog\rc.write.1.tlog
