  PlayerUI.cpp
c:\users\even4\desktop\teamproject\팀프프레임워크\playerui.cpp(61): warning C4552: '!': 의미 없는 연산자입니다. 파생 작업이 있는 연산자여야 합니다.
c:\users\even4\desktop\teamproject\팀프프레임워크\playerui.cpp(64): warning C4552: '!': 의미 없는 연산자입니다. 파생 작업이 있는 연산자여야 합니다.
c:\users\even4\desktop\teamproject\팀프프레임워크\playerui.cpp(252): warning C4244: '=': 'float'에서 'int'(으)로 변환하면서 데이터가 손실될 수 있습니다.
c:\users\even4\desktop\teamproject\팀프프레임워크\playerui.cpp(258): warning C4244: '=': 'float'에서 'int'(으)로 변환하면서 데이터가 손실될 수 있습니다.
  코드를 생성하고 있습니다...
  컴파일하고 있습니다...
  player.cpp
c:\users\even4\desktop\teamproject\팀프프레임워크\skill.h(23): warning C4244: '인수': 'float'에서 'int'(으)로 변환하면서 데이터가 손실될 수 있습니다.
c:\users\even4\desktop\teamproject\팀프프레임워크\player.cpp(28): warning C4244: '인수': 'float'에서 'int'(으)로 변환하면서 데이터가 손실될 수 있습니다.
c:\users\even4\desktop\teamproject\팀프프레임워크\player.cpp(46): warning C4244: '인수': 'float'에서 'int'(으)로 변환하면서 데이터가 손실될 수 있습니다.
c:\users\even4\desktop\teamproject\팀프프레임워크\player.cpp(47): warning C4244: '인수': 'float'에서 'int'(으)로 변환하면서 데이터가 손실될 수 있습니다.
c:\users\even4\desktop\teamproject\팀프프레임워크\player.cpp(55): warning C4244: '인수': 'float'에서 'int'(으)로 변환하면서 데이터가 손실될 수 있습니다.
c:\users\even4\desktop\teamproject\팀프프레임워크\player.cpp(245): warning C4244: '인수': 'float'에서 'int'(으)로 변환하면서 데이터가 손실될 수 있습니다.
c:\users\even4\desktop\teamproject\팀프프레임워크\player.cpp(255): warning C4244: '인수': 'float'에서 'int'(으)로 변환하면서 데이터가 손실될 수 있습니다.
c:\users\even4\desktop\teamproject\팀프프레임워크\player.cpp(260): warning C4244: '인수': 'float'에서 'int'(으)로 변환하면서 데이터가 손실될 수 있습니다.
c:\users\even4\desktop\teamproject\팀프프레임워크\player.cpp(270): warning C4244: '인수': 'float'에서 'int'(으)로 변환하면서 데이터가 손실될 수 있습니다.
c:\users\even4\desktop\teamproject\팀프프레임워크\player.cpp(310): warning C4244: '인수': 'float'에서 'int'(으)로 변환하면서 데이터가 손실될 수 있습니다.
c:\users\even4\desktop\teamproject\팀프프레임워크\player.cpp(311): warning C4244: '인수': 'float'에서 'int'(으)로 변환하면서 데이터가 손실될 수 있습니다.
c:\users\even4\desktop\teamproject\팀프프레임워크\player.cpp(322): warning C4244: '인수': 'float'에서 'int'(으)로 변환하면서 데이터가 손실될 수 있습니다.
c:\users\even4\desktop\teamproject\팀프프레임워크\player.cpp(323): warning C4244: '인수': 'float'에서 'int'(으)로 변환하면서 데이터가 손실될 수 있습니다.
c:\users\even4\desktop\teamproject\팀프프레임워크\player.cpp(333): warning C4244: '인수': 'float'에서 'int'(으)로 변환하면서 데이터가 손실될 수 있습니다.
c:\users\even4\desktop\teamproject\팀프프레임워크\player.cpp(334): warning C4244: '인수': 'float'에서 'int'(으)로 변환하면서 데이터가 손실될 수 있습니다.
c:\users\even4\desktop\teamproject\팀프프레임워크\player.cpp(540): warning C4244: '인수': 'float'에서 'int'(으)로 변환하면서 데이터가 손실될 수 있습니다.
c:\users\even4\desktop\teamproject\팀프프레임워크\player.cpp(541): warning C4244: '인수': 'float'에서 'int'(으)로 변환하면서 데이터가 손실될 수 있습니다.
  GameScene.cpp
c:\users\even4\desktop\teamproject\팀프프레임워크\skill.h(23): warning C4244: '인수': 'float'에서 'int'(으)로 변환하면서 데이터가 손실될 수 있습니다.
c:\users\even4\desktop\teamproject\팀프프레임워크\gamescene.cpp(57): warning C4018: '<': signed 또는 unsigned가 일치하지 않습니다.
c:\users\even4\desktop\teamproject\팀프프레임워크\gamescene.cpp(67): warning C4018: '<': signed 또는 unsigned가 일치하지 않습니다.
c:\users\even4\desktop\teamproject\팀프프레임워크\gamescene.cpp(403): warning C4018: '<': signed 또는 unsigned가 일치하지 않습니다.
c:\users\even4\desktop\teamproject\팀프프레임워크\gamescene.cpp(426): warning C4018: '<': signed 또는 unsigned가 일치하지 않습니다.
c:\users\even4\desktop\teamproject\팀프프레임워크\gamescene.cpp(442): warning C4018: '<': signed 또는 unsigned가 일치하지 않습니다.
c:\users\even4\desktop\teamproject\팀프프레임워크\gamescene.cpp(473): warning C4018: '<': signed 또는 unsigned가 일치하지 않습니다.
c:\users\even4\desktop\teamproject\팀프프레임워크\gamescene.cpp(488): warning C4018: '<': signed 또는 unsigned가 일치하지 않습니다.
c:\users\even4\desktop\teamproject\팀프프레임워크\gamescene.cpp(492): warning C4018: '<': signed 또는 unsigned가 일치하지 않습니다.
c:\users\even4\desktop\teamproject\팀프프레임워크\gamescene.cpp(503): warning C4018: '<': signed 또는 unsigned가 일치하지 않습니다.
c:\users\even4\desktop\teamproject\팀프프레임워크\gamescene.cpp(587): warning C4996: 'sprintf': This function or variable may be unsafe. Consider using sprintf_s instead. To disable deprecation, use _CRT_SECURE_NO_WARNINGS. See online help for details.
  c:\program files (x86)\windows kits\10\include\10.0.16299.0\ucrt\stdio.h(1772): note: 'sprintf' 선언을 참조하십시오.
c:\users\even4\desktop\teamproject\팀프프레임워크\gamescene.cpp(592): warning C4996: 'sprintf': This function or variable may be unsafe. Consider using sprintf_s instead. To disable deprecation, use _CRT_SECURE_NO_WARNINGS. See online help for details.
  c:\program files (x86)\windows kits\10\include\10.0.16299.0\ucrt\stdio.h(1772): note: 'sprintf' 선언을 참조하십시오.
c:\users\even4\desktop\teamproject\팀프프레임워크\gamescene.cpp(602): warning C4996: 'sprintf': This function or variable may be unsafe. Consider using sprintf_s instead. To disable deprecation, use _CRT_SECURE_NO_WARNINGS. See online help for details.
  c:\program files (x86)\windows kits\10\include\10.0.16299.0\ucrt\stdio.h(1772): note: 'sprintf' 선언을 참조하십시오.
c:\users\even4\desktop\teamproject\팀프프레임워크\gamescene.cpp(607): warning C4996: 'sprintf': This function or variable may be unsafe. Consider using sprintf_s instead. To disable deprecation, use _CRT_SECURE_NO_WARNINGS. See online help for details.
  c:\program files (x86)\windows kits\10\include\10.0.16299.0\ucrt\stdio.h(1772): note: 'sprintf' 선언을 참조하십시오.
c:\users\even4\desktop\teamproject\팀프프레임워크\gamescene.cpp(615): warning C4996: 'sprintf': This function or variable may be unsafe. Consider using sprintf_s instead. To disable deprecation, use _CRT_SECURE_NO_WARNINGS. See online help for details.
  c:\program files (x86)\windows kits\10\include\10.0.16299.0\ucrt\stdio.h(1772): note: 'sprintf' 선언을 참조하십시오.
c:\users\even4\desktop\teamproject\팀프프레임워크\gamescene.cpp(620): warning C4996: 'sprintf': This function or variable may be unsafe. Consider using sprintf_s instead. To disable deprecation, use _CRT_SECURE_NO_WARNINGS. See online help for details.
  c:\program files (x86)\windows kits\10\include\10.0.16299.0\ucrt\stdio.h(1772): note: 'sprintf' 선언을 참조하십시오.
  코드를 생성하고 있습니다...
  nonaWindowsAPI.vcxproj -> C:\Users\even4\Desktop\TeamProject\팀프프레임워크\Debug\nonaWindowsAPI.exe
