c:\users\adyda\desktop\teamproject\팀프프레임워크\debug\nonawindowsapi.pch
c:\users\adyda\desktop\teamproject\팀프프레임워크\debug\vc140.pdb
c:\users\adyda\desktop\teamproject\팀프프레임워크\debug\vc140.idb
c:\users\adyda\desktop\teamproject\팀프프레임워크\debug\stdafx.obj
c:\users\adyda\desktop\teamproject\팀프프레임워크\debug\imagemanager.obj
c:\users\adyda\desktop\teamproject\팀프프레임워크\debug\inidatamanager.obj
c:\users\adyda\desktop\teamproject\팀프프레임워크\debug\item.obj
c:\users\adyda\desktop\teamproject\팀프프레임워크\debug\itemmanager.obj
c:\users\adyda\desktop\teamproject\팀프프레임워크\debug\keyanimanager.obj
c:\users\adyda\desktop\teamproject\팀프프레임워크\debug\keymanager.obj
c:\users\adyda\desktop\teamproject\팀프프레임워크\debug\pixelcol.obj
c:\users\adyda\desktop\teamproject\팀프프레임워크\debug\player.obj
c:\users\adyda\desktop\teamproject\팀프프레임워크\debug\playground.obj
c:\users\adyda\desktop\teamproject\팀프프레임워크\debug\progressbar.obj
c:\users\adyda\desktop\teamproject\팀프프레임워크\debug\scenemanager.obj
c:\users\adyda\desktop\teamproject\팀프프레임워크\debug\skill.obj
c:\users\adyda\desktop\teamproject\팀프프레임워크\debug\soundmanager.obj
c:\users\adyda\desktop\teamproject\팀프프레임워크\debug\startscene.obj
c:\users\adyda\desktop\teamproject\팀프프레임워크\debug\store.obj
c:\users\adyda\desktop\teamproject\팀프프레임워크\debug\timemanager.obj
c:\users\adyda\desktop\teamproject\팀프프레임워크\debug\timer.obj
c:\users\adyda\desktop\teamproject\팀프프레임워크\debug\txtdata.obj
c:\users\adyda\desktop\teamproject\팀프프레임워크\debug\utils.obj
c:\users\adyda\desktop\teamproject\팀프프레임워크\debug\winmain.obj
c:\users\adyda\desktop\teamproject\팀프프레임워크\debug\action.obj
c:\users\adyda\desktop\teamproject\팀프프레임워크\debug\animation.obj
c:\users\adyda\desktop\teamproject\팀프프레임워크\debug\baby.obj
c:\users\adyda\desktop\teamproject\팀프프레임워크\debug\bulletmanager.obj
c:\users\adyda\desktop\teamproject\팀프프레임워크\debug\button.obj
c:\users\adyda\desktop\teamproject\팀프프레임워크\debug\cameramanager.obj
c:\users\adyda\desktop\teamproject\팀프프레임워크\debug\editscene.obj
c:\users\adyda\desktop\teamproject\팀프프레임워크\debug\effect.obj
c:\users\adyda\desktop\teamproject\팀프프레임워크\debug\effectmanager.obj
c:\users\adyda\desktop\teamproject\팀프프레임워크\debug\enemy.obj
c:\users\adyda\desktop\teamproject\팀프프레임워크\debug\enemymanager.obj
c:\users\adyda\desktop\teamproject\팀프프레임워크\debug\gamenode.obj
c:\users\adyda\desktop\teamproject\팀프프레임워크\debug\gamescene.obj
c:\users\adyda\desktop\teamproject\팀프프레임워크\debug\image.obj
c:\users\adyda\desktop\teamproject\팀프프레임워크\debug\nonawindowsapi.ilk
c:\users\adyda\desktop\teamproject\팀프프레임워크\debug\nonawindowsapi.exe
c:\users\adyda\desktop\teamproject\팀프프레임워크\debug\nonawindowsapi.pdb
c:\users\adyda\desktop\teamproject\팀프프레임워크\debug\nonawindowsapi.res
c:\users\adyda\desktop\teamproject\팀프프레임워크\debug\vc141.idb
c:\users\adyda\desktop\teamproject\팀프프레임워크\debug\vc141.pdb
c:\users\adyda\desktop\teamproject\팀프프레임워크\debug\nonawindowsapi.tlog\cl.command.1.tlog
c:\users\adyda\desktop\teamproject\팀프프레임워크\debug\nonawindowsapi.tlog\cl.read.1.tlog
c:\users\adyda\desktop\teamproject\팀프프레임워크\debug\nonawindowsapi.tlog\cl.write.1.tlog
c:\users\adyda\desktop\teamproject\팀프프레임워크\debug\nonawindowsapi.tlog\link.command.1.tlog
c:\users\adyda\desktop\teamproject\팀프프레임워크\debug\nonawindowsapi.tlog\link.delete.1.tlog
c:\users\adyda\desktop\teamproject\팀프프레임워크\debug\nonawindowsapi.tlog\link.read.1.tlog
c:\users\adyda\desktop\teamproject\팀프프레임워크\debug\nonawindowsapi.tlog\link.write.1.tlog
c:\users\adyda\desktop\teamproject\팀프프레임워크\debug\nonawindowsapi.tlog\rc.command.1.tlog
c:\users\adyda\desktop\teamproject\팀프프레임워크\debug\nonawindowsapi.tlog\rc.read.1.tlog
c:\users\adyda\desktop\teamproject\팀프프레임워크\debug\nonawindowsapi.tlog\rc.write.1.tlog
